<?xml version="1.0" encoding="UTF-8"?>
<!-- Generated by org.testng.reporters.JUnitXMLReporter -->
<testsuite ignored="1" hostname="PMLDVBALAJID" failures="1" tests="2" name="Errro Validation Test" time="6.967" errors="0" timestamp="2024-04-18T18:40:26 IST">
  <testcase classname="BalajiSoft.SaleniumDesign.tests.ErrroValidationTest" name="LoginErrorValidation" time="0.318">
    <skipped/>
  </testcase> <!-- LoginErrorValidation -->
  <testcase classname="BalajiSoft.SaleniumDesign.tests.ErrroValidationTest" name="LoginErrorValidation" time="0.275">
    <failure type="java.lang.AssertionError" message="expected [Incorrect email  password.] but found [Incorrect email or password.]">
      <![CDATA[java.lang.AssertionError: expected [Incorrect email  password.] but found [Incorrect email or password.]
at BalajiSoft.SaleniumDesign.tests.ErrroValidationTest.LoginErrorValidation(ErrroValidationTest.java:22)
at java.base/java.util.ArrayList.forEach(ArrayList.java:1511)
at java.base/java.util.concurrent.FutureTask.run(FutureTask.java:264)
at java.base/java.util.concurrent.ThreadPoolExecutor.runWorker(ThreadPoolExecutor.java:1136)
at java.base/java.util.concurrent.ThreadPoolExecutor$Worker.run(ThreadPoolExecutor.java:635)
at java.base/java.lang.Thread.run(Thread.java:833)
... Removed 23 stack frames]]>
    </failure>
  </testcase> <!-- LoginErrorValidation -->
  <testcase classname="BalajiSoft.SaleniumDesign.tests.ErrroValidationTest" name="ProductErrorValidation" time="0.0">
    <ignored/>
  </testcase> <!-- ProductErrorValidation -->
</testsuite> <!-- Errro Validation Test -->
