<?xml version="1.0" encoding="UTF-8"?>
<!-- Generated by org.testng.reporters.JUnitXMLReporter -->
<testsuite ignored="2" hostname="PMLDVBALAJID" failures="0" tests="0" time="0.011" errors="0" timestamp="2024-04-18T18:40:19 IST">
  <testcase classname="BalajiSoft.SaleniumDesign.tests.SubmitOrderTest" name="submitOrder" time="0.0">
    <ignored/>
  </testcase> <!-- submitOrder -->
  <testcase classname="BalajiSoft.SaleniumDesign.tests.SubmitOrderTest" name="OrderHistoryTest" time="0.0">
    <ignored/>
  </testcase> <!-- OrderHistoryTest -->
</testsuite>
